<?xml version="1.0" encoding="UTF-8"?>
<testsuite xmlns:xsi="http://www.w3.org/2001/XMLSchema-instance" xsi:noNamespaceSchemaLocation="https://maven.apache.org/surefire/maven-surefire-plugin/xsd/surefire-test-report-3.0.xsd" version="3.0" name="com.library.BorrowServiceTest" time="0.201" tests="6" errors="0" skipped="0" failures="0">
  <properties>
[...]
</properties>
  <testcase name="testGetAllBorrows" classname="com.library.BorrowServiceTest" time="0.095"/>
  <testcase name="testGetBorrowById" classname="com.library.BorrowServiceTest" time="0.003"/>
  <testcase name="testUpdateBorrow" classname="com.library.BorrowServiceTest" time="0.005"/>
  <testcase name="testDeleteBorrow" classname="com.library.BorrowServiceTest" time="0.004"/>
  <testcase name="testReturnBook" classname="com.library.BorrowServiceTest" time="0.005"/>
  <testcase name="testBorrowBook" classname="com.library.BorrowServiceTest" time="0.081"/>
</testsuite>